<?xml version="1.0" encoding="UTF-8"?>
<testsuite xmlns:xsi="http://www.w3.org/2001/XMLSchema-instance" xsi:noNamespaceSchemaLocation="https://maven.apache.org/surefire/maven-surefire-plugin/xsd/surefire-test-report.xsd" version="3.0.2" name="com.assessment.trackingnumbergenerator.TrackingnumbergeneratorApplicationTests" time="4.154" tests="1" errors="0" skipped="0" failures="0">
  <properties>
[...]
</properties>
  <testcase name="contextLoads" classname="com.assessment.trackingnumbergenerator.TrackingnumbergeneratorApplicationTests" time="1.422">
    <system-out><![CDATA[19:12:59.070 [main] INFO org.springframework.test.context.support.AnnotationConfigContextLoaderUtils -- Could not detect default configuration classes for test class [com.assessment.trackingnumbergenerator.TrackingnumbergeneratorApplicationTests]: TrackingnumbergeneratorApplicationTests does not declare any static, non-private, non-final, nested classes annotated with @Configuration.
19:12:59.206 [main] INFO org.springframework.boot.test.context.SpringBootTestContextBootstrapper -- Found @SpringBootConfiguration com.assessment.trackingnumbergenerator.TrackingnumbergeneratorApplication for test class com.assessment.trackingnumbergenerator.TrackingnumbergeneratorApplicationTests
19:12:59.695 [main] INFO org.springframework.boot.devtools.restart.RestartApplicationListener -- Restart disabled due to context in which it is running

  .   ____          _            __ _ _
 /\\ / ___'_ __ _ _(_)_ __  __ _ \ \ \ \
( ( )\___ | '_ | '_| | '_ \/ _` | \ \ \ \
 \\/  ___)| |_)| | | | | || (_| |  ) ) ) )
  '  |____| .__|_| |_|_| |_\__, | / / / /
 =========|_|==============|___/=/_/_/_/

 :: Spring Boot ::                (v3.4.1)

2024-12-23T19:13:00.018+05:30  INFO 31779 --- [trackingnumbergenerator] [           main] .TrackingnumbergeneratorApplicationTests : Starting TrackingnumbergeneratorApplicationTests using Java 17.0.7 with PID 31779 (started by pavan in /home/pavan/Desktop/InterviewPrep/Microservices/trackingnumbergenerator)
2024-12-23T19:13:00.022+05:30  INFO 31779 --- [trackingnumbergenerator] [           main] .TrackingnumbergeneratorApplicationTests : No active profile set, falling back to 1 default profile: "default"
2024-12-23T19:13:01.390+05:30  INFO 31779 --- [trackingnumbergenerator] [           main] .TrackingnumbergeneratorApplicationTests : Started TrackingnumbergeneratorApplicationTests in 1.705 seconds (process running for 3.962)
]]></system-out>
  </testcase>
</testsuite>